This is pdfTeX, Version 3.14159265-2.6-1.40.20 (TeX Live 2019/Debian) (preloaded format=pdflatex 2022.1.20)  13 APR 2022 17:05
entering extended mode
 restricted \write18 enabled.
 %&-line parsing enabled.
**revisado1.tex
(./revisado1.tex
LaTeX2e <2020-02-02> patch level 2
L3 programming layer <2020-02-14>
(/usr/share/texlive/texmf-dist/tex/latex/base/article.cls
Document Class: article 2019/12/20 v1.4l Standard LaTeX document class
(/usr/share/texlive/texmf-dist/tex/latex/base/size12.clo
File: size12.clo 2019/12/20 v1.4l Standard LaTeX file (size option)
)
\c@part=\count167
\c@section=\count168
\c@subsection=\count169
\c@subsubsection=\count170
\c@paragraph=\count171
\c@subparagraph=\count172
\c@figure=\count173
\c@table=\count174
\abovecaptionskip=\skip47
\belowcaptionskip=\skip48
\bibindent=\dimen134
)
(/usr/share/texlive/texmf-dist/tex/latex/geometry/geometry.sty
Package: geometry 2020/01/02 v5.9 Page Geometry

(/usr/share/texlive/texmf-dist/tex/latex/graphics/keyval.sty
Package: keyval 2014/10/28 v1.15 key=value parser (DPC)
\KV@toks@=\toks14
)
(/usr/share/texlive/texmf-dist/tex/generic/iftex/ifvtex.sty
Package: ifvtex 2019/10/25 v1.7 ifvtex legacy package. Use iftex instead.

(/usr/share/texlive/texmf-dist/tex/generic/iftex/iftex.sty
Package: iftex 2019/11/07 v1.0c TeX engine tests
))
\Gm@cnth=\count175
\Gm@cntv=\count176
\c@Gm@tempcnt=\count177
\Gm@bindingoffset=\dimen135
\Gm@wd@mp=\dimen136
\Gm@odd@mp=\dimen137
\Gm@even@mp=\dimen138
\Gm@layoutwidth=\dimen139
\Gm@layoutheight=\dimen140
\Gm@layouthoffset=\dimen141
\Gm@layoutvoffset=\dimen142
\Gm@dimlist=\toks15
)
(/usr/share/texlive/texmf-dist/tex/latex/base/inputenc.sty
Package: inputenc 2018/08/11 v1.3c Input encoding file
\inpenc@prehook=\toks16
\inpenc@posthook=\toks17
)
(/usr/share/texlive/texmf-dist/tex/latex/amsmath/amsmath.sty
Package: amsmath 2020/01/20 v2.17e AMS math features
\@mathmargin=\skip49

For additional information on amsmath, use the `?' option.
(/usr/share/texlive/texmf-dist/tex/latex/amsmath/amstext.sty
Package: amstext 2000/06/29 v2.01 AMS text

(/usr/share/texlive/texmf-dist/tex/latex/amsmath/amsgen.sty
File: amsgen.sty 1999/11/30 v2.0 generic functions
\@emptytoks=\toks18
\ex@=\dimen143
))
(/usr/share/texlive/texmf-dist/tex/latex/amsmath/amsbsy.sty
Package: amsbsy 1999/11/29 v1.2d Bold Symbols
\pmbraise@=\dimen144
)
(/usr/share/texlive/texmf-dist/tex/latex/amsmath/amsopn.sty
Package: amsopn 2016/03/08 v2.02 operator names
)
\inf@bad=\count178
LaTeX Info: Redefining \frac on input line 227.
\uproot@=\count179
\leftroot@=\count180
LaTeX Info: Redefining \overline on input line 389.
\classnum@=\count181
\DOTSCASE@=\count182
LaTeX Info: Redefining \ldots on input line 486.
LaTeX Info: Redefining \dots on input line 489.
LaTeX Info: Redefining \cdots on input line 610.
\Mathstrutbox@=\box45
\strutbox@=\box46
\big@size=\dimen145
LaTeX Font Info:    Redeclaring font encoding OML on input line 733.
LaTeX Font Info:    Redeclaring font encoding OMS on input line 734.
\macc@depth=\count183
\c@MaxMatrixCols=\count184
\dotsspace@=\muskip16
\c@parentequation=\count185
\dspbrk@lvl=\count186
\tag@help=\toks19
\row@=\count187
\column@=\count188
\maxfields@=\count189
\andhelp@=\toks20
\eqnshift@=\dimen146
\alignsep@=\dimen147
\tagshift@=\dimen148
\tagwidth@=\dimen149
\totwidth@=\dimen150
\lineht@=\dimen151
\@envbody=\toks21
\multlinegap=\skip50
\multlinetaggap=\skip51
\mathdisplay@stack=\toks22
LaTeX Info: Redefining \[ on input line 2859.
LaTeX Info: Redefining \] on input line 2860.
)
(/usr/share/texlive/texmf-dist/tex/latex/jknapltx/mathrsfs.sty
Package: mathrsfs 1996/01/01 Math RSFS package v1.0 (jk)
\symrsfs=\mathgroup4
)
(/usr/share/texlive/texmf-dist/tex/latex/amsfonts/amsfonts.sty
Package: amsfonts 2013/01/14 v3.01 Basic AMSFonts support
\symAMSa=\mathgroup5
\symAMSb=\mathgroup6
LaTeX Font Info:    Redeclaring math symbol \hbar on input line 98.
LaTeX Font Info:    Overwriting math alphabet `\mathfrak' in version `bold'
(Font)                  U/euf/m/n --> U/euf/b/n on input line 106.
)
(/usr/share/texlive/texmf-dist/tex/latex/amsfonts/amssymb.sty
Package: amssymb 2013/01/14 v3.01 AMS font symbols
)
(/usr/share/texlive/texmf-dist/tex/latex/esvect/esvect.sty
Package: esvect 
\symesvector=\mathgroup7
)
(/usr/share/texlive/texmf-dist/tex/latex/graphics/graphicx.sty
Package: graphicx 2019/11/30 v1.2a Enhanced LaTeX Graphics (DPC,SPQR)

(/usr/share/texlive/texmf-dist/tex/latex/graphics/graphics.sty
Package: graphics 2019/11/30 v1.4a Standard LaTeX Graphics (DPC,SPQR)

(/usr/share/texlive/texmf-dist/tex/latex/graphics/trig.sty
Package: trig 2016/01/03 v1.10 sin cos tan (DPC)
)
(/usr/share/texlive/texmf-dist/tex/latex/graphics-cfg/graphics.cfg
File: graphics.cfg 2016/06/04 v1.11 sample graphics configuration
)
Package graphics Info: Driver file: pdftex.def on input line 105.

(/usr/share/texlive/texmf-dist/tex/latex/graphics-def/pdftex.def
File: pdftex.def 2018/01/08 v1.0l Graphics/color driver for pdftex
))
\Gin@req@height=\dimen152
\Gin@req@width=\dimen153
)
(/usr/share/texlive/texmf-dist/tex/latex/float/float.sty
Package: float 2001/11/08 v1.3d Float enhancements (AL)
\c@float@type=\count190
\float@exts=\toks23
\float@box=\box47
\@float@everytoks=\toks24
\@floatcapt=\box48
)
(/usr/share/texlive/texmf-dist/tex/latex/base/fontenc.sty
Package: fontenc 2020/02/11 v2.0o Standard LaTeX package
)
(/usr/share/texlive/texmf-dist/tex/generic/babel/babel.sty
Package: babel 2020/02/14 3.40 The Babel package

(/usr/share/texlive/texmf-dist/tex/generic/babel/switch.def
File: switch.def 2020/02/14 3.40 Babel switching mechanism
)
(/usr/share/texlive/texmf-dist/tex/generic/babel-portuges/portuges.ldf
Language: portuges 2008/03/18 v1.2q Portuguese support from the babel system

(/usr/share/texlive/texmf-dist/tex/generic/babel/babel.def
File: babel.def 2020/02/14 3.40 Babel common definitions
\babel@savecnt=\count191
\U@D=\dimen154

(/usr/share/texlive/texmf-dist/tex/generic/babel/txtbabel.def)
\bbl@readstream=\read2
\bbl@dirlevel=\count192
)
Package babel Info: \l@brazil = using hyphenrules for portuguese
(babel)             (\language10) on input line 113.
Package babel Info: Making " an active character on input line 145.
))
(/usr/share/texlive/texmf-dist/tex/latex/tools/indentfirst.sty
Package: indentfirst 1995/11/23 v1.03 Indent first paragraph (DPC)
)
(/usr/share/texlive/texmf-dist/tex/latex/ccaption/ccaption.sty
Package: ccaption 2011/08/07 v3.2c Extended captioning and new floats
\@contcwidth=\skip52
\@contindw=\skip53
\abovelegendskip=\skip54
\belowlegendskip=\skip55
\c@newflo@tctr=\count193
)
(/usr/share/texlive/texmf-dist/tex/latex/setspace/setspace.sty
Package: setspace 2011/12/19 v6.7a set line spacing
)
(/usr/share/texlive/texmf-dist/tex/latex/tools/multicol.sty
Package: multicol 2019/12/09 v1.8y multicolumn formatting (FMi)
\c@tracingmulticols=\count194
\mult@box=\box49
\multicol@leftmargin=\dimen155
\c@unbalance=\count195
\c@collectmore=\count196
\doublecol@number=\count197
\multicoltolerance=\count198
\multicolpretolerance=\count199
\full@width=\dimen156
\page@free=\dimen157
\premulticols=\dimen158
\postmulticols=\dimen159
\multicolsep=\skip56
\multicolbaselineskip=\skip57
\partial@page=\box50
\last@line=\box51
\maxbalancingoverflow=\dimen160
\mult@rightbox=\box52
\mult@grightbox=\box53
\mult@gfirstbox=\box54
\mult@firstbox=\box55
\@tempa=\box56
\@tempa=\box57
\@tempa=\box58
\@tempa=\box59
\@tempa=\box60
\@tempa=\box61
\@tempa=\box62
\@tempa=\box63
\@tempa=\box64
\@tempa=\box65
\@tempa=\box66
\@tempa=\box67
\@tempa=\box68
\@tempa=\box69
\@tempa=\box70
\@tempa=\box71
\@tempa=\box72
\@tempa=\box73
\@tempa=\box74
\@tempa=\box75
\@tempa=\box76
\@tempa=\box77
\@tempa=\box78
\@tempa=\box79
\@tempa=\box80
\@tempa=\box81
\@tempa=\box82
\@tempa=\box83
\@tempa=\box84
\@tempa=\box85
\@tempa=\box86
\@tempa=\box87
\@tempa=\box88
\@tempa=\box89
\@tempa=\box90
\@tempa=\box91
\@tempa=\box92
\c@minrows=\count266
\c@columnbadness=\count267
\c@finalcolumnbadness=\count268
\last@try=\dimen161
\multicolovershoot=\dimen162
\multicolundershoot=\dimen163
\mult@nat@firstbox=\box93
\colbreak@box=\box94
\mc@col@check@num=\count269
)
(/usr/share/texlive/texmf-dist/tex/latex/multirow/multirow.sty
Package: multirow 2019/05/31 v2.5 Span multiple rows of a table
\multirow@colwidth=\skip58
\multirow@cntb=\count270
\multirow@dima=\skip59
\bigstrutjot=\dimen164
)
(/usr/share/texlive/texmf-dist/tex/latex/fancyhdr/fancyhdr.sty
Package: fancyhdr 2019/01/31 v3.10 Extensive control of page headers and footer
s
\f@nch@headwidth=\skip60
\f@nch@O@elh=\skip61
\f@nch@O@erh=\skip62
\f@nch@O@olh=\skip63
\f@nch@O@orh=\skip64
\f@nch@O@elf=\skip65
\f@nch@O@erf=\skip66
\f@nch@O@olf=\skip67
\f@nch@O@orf=\skip68
)
(/usr/share/texlive/texmf-dist/tex/latex/tools/enumerate.sty
Package: enumerate 2015/07/23 v3.00 enumerate extensions (DPC)
\@enLab=\toks25
)
(/usr/share/texlive/texmf-dist/tex/latex/tools/longtable.sty
Package: longtable 2020/01/07 v4.13 Multi-page Table package (DPC)
\LTleft=\skip69
\LTright=\skip70
\LTpre=\skip71
\LTpost=\skip72
\LTchunksize=\count271
\LTcapwidth=\dimen165
\LT@head=\box95
\LT@firsthead=\box96
\LT@foot=\box97
\LT@lastfoot=\box98
\LT@cols=\count272
\LT@rows=\count273
\c@LT@tables=\count274
\c@LT@chunks=\count275
\LT@p@ftn=\toks26
)
(/usr/share/texlive/texmf-dist/tex/latex/carlisle/scalefnt.sty)
(/usr/share/texlive/texmf-dist/tex/latex/pdfpages/pdfpages.sty
Package: pdfpages 2020/01/28 v0.5q Insert pages of external PDF documents (AM)

(/usr/share/texlive/texmf-dist/tex/latex/base/ifthen.sty
Package: ifthen 2014/09/29 v1.1c Standard LaTeX ifthen package (DPC)
)
(/usr/share/texlive/texmf-dist/tex/latex/tools/calc.sty
Package: calc 2017/05/25 v4.3 Infix arithmetic (KKT,FJ)
\calc@Acount=\count276
\calc@Bcount=\count277
\calc@Adimen=\dimen166
\calc@Bdimen=\dimen167
\calc@Askip=\skip73
\calc@Bskip=\skip74
LaTeX Info: Redefining \setlength on input line 80.
LaTeX Info: Redefining \addtolength on input line 81.
\calc@Ccount=\count278
\calc@Cskip=\skip75
)
(/usr/share/texlive/texmf-dist/tex/latex/eso-pic/eso-pic.sty
Package: eso-pic 2018/04/12 v2.0h eso-pic (RN)

(/usr/share/texlive/texmf-dist/tex/generic/atbegshi/atbegshi.sty
Package: atbegshi 2019/12/05 v1.19 At begin shipout hook (HO)

(/usr/share/texlive/texmf-dist/tex/generic/infwarerr/infwarerr.sty
Package: infwarerr 2019/12/03 v1.5 Providing info/warning/error messages (HO)
)
(/usr/share/texlive/texmf-dist/tex/generic/ltxcmds/ltxcmds.sty
Package: ltxcmds 2019/12/15 v1.24 LaTeX kernel commands for general use (HO)
))
(/usr/share/texlive/texmf-dist/tex/latex/xcolor/xcolor.sty
Package: xcolor 2016/05/11 v2.12 LaTeX color extensions (UK)

(/usr/share/texlive/texmf-dist/tex/latex/graphics-cfg/color.cfg
File: color.cfg 2016/01/02 v1.6 sample color configuration
)
Package xcolor Info: Driver file: pdftex.def on input line 225.
Package xcolor Info: Model `cmy' substituted by `cmy0' on input line 1348.
Package xcolor Info: Model `hsb' substituted by `rgb' on input line 1352.
Package xcolor Info: Model `RGB' extended on input line 1364.
Package xcolor Info: Model `HTML' substituted by `rgb' on input line 1366.
Package xcolor Info: Model `Hsb' substituted by `hsb' on input line 1367.
Package xcolor Info: Model `tHsb' substituted by `hsb' on input line 1368.
Package xcolor Info: Model `HSB' substituted by `hsb' on input line 1369.
Package xcolor Info: Model `Gray' substituted by `gray' on input line 1370.
Package xcolor Info: Model `wave' substituted by `hsb' on input line 1371.
))
\AM@pagewidth=\dimen168
\AM@pageheight=\dimen169

(/usr/share/texlive/texmf-dist/tex/latex/pdfpages/pppdftex.def
File: pppdftex.def 2020/01/28 v0.5q Pdfpages driver for pdfTeX (AM)
)
\AM@pagebox=\box99
\AM@global@opts=\toks27
\AM@pagecnt=\count279
\AM@toc@title=\toks28
\c@AM@survey=\count280
\AM@templatesizebox=\box100
)
(/usr/share/texlive/texmf-dist/tex/latex/colortbl/colortbl.sty
Package: colortbl 2020/01/04 v1.0e Color table columns (DPC)

(/usr/share/texlive/texmf-dist/tex/latex/tools/array.sty
Package: array 2019/08/31 v2.4l Tabular extension package (FMi)
\col@sep=\dimen170
\ar@mcellbox=\box101
\extrarowheight=\dimen171
\NC@list=\toks29
\extratabsurround=\skip76
\backup@length=\skip77
\ar@cellbox=\box102
)
\everycr=\toks30
\minrowclearance=\skip78
)
(/usr/share/texlive/texmf-dist/tex/latex/hyperref/hyperref.sty
Package: hyperref 2020/01/14 v7.00d Hypertext links for LaTeX

(/usr/share/texlive/texmf-dist/tex/latex/pdftexcmds/pdftexcmds.sty
Package: pdftexcmds 2019/11/24 v0.31 Utility functions of pdfTeX for LuaTeX (HO
)
Package pdftexcmds Info: \pdf@primitive is available.
Package pdftexcmds Info: \pdf@ifprimitive is available.
Package pdftexcmds Info: \pdfdraftmode found.
)
(/usr/share/texlive/texmf-dist/tex/generic/kvsetkeys/kvsetkeys.sty
Package: kvsetkeys 2019/12/15 v1.18 Key value parser (HO)
)
(/usr/share/texlive/texmf-dist/tex/generic/kvdefinekeys/kvdefinekeys.sty
Package: kvdefinekeys 2019-12-19 v1.6 Define keys (HO)
)
(/usr/share/texlive/texmf-dist/tex/generic/pdfescape/pdfescape.sty
Package: pdfescape 2019/12/09 v1.15 Implements pdfTeX's escape features (HO)
)
(/usr/share/texlive/texmf-dist/tex/latex/hycolor/hycolor.sty
Package: hycolor 2020-01-27 v1.10 Color options for hyperref/bookmark (HO)
)
(/usr/share/texlive/texmf-dist/tex/latex/letltxmacro/letltxmacro.sty
Package: letltxmacro 2019/12/03 v1.6 Let assignment for LaTeX macros (HO)
)
(/usr/share/texlive/texmf-dist/tex/latex/auxhook/auxhook.sty
Package: auxhook 2019-12-17 v1.6 Hooks for auxiliary files (HO)
)
(/usr/share/texlive/texmf-dist/tex/latex/kvoptions/kvoptions.sty
Package: kvoptions 2019/11/29 v3.13 Key value format for package options (HO)
)
\@linkdim=\dimen172
\Hy@linkcounter=\count281
\Hy@pagecounter=\count282

(/usr/share/texlive/texmf-dist/tex/latex/hyperref/pd1enc.def
File: pd1enc.def 2020/01/14 v7.00d Hyperref: PDFDocEncoding definition (HO)
Now handling font encoding PD1 ...
... no UTF-8 mapping file for font encoding PD1
)
(/usr/share/texlive/texmf-dist/tex/generic/intcalc/intcalc.sty
Package: intcalc 2019/12/15 v1.3 Expandable calculations with integers (HO)
)
(/usr/share/texlive/texmf-dist/tex/generic/etexcmds/etexcmds.sty
Package: etexcmds 2019/12/15 v1.7 Avoid name clashes with e-TeX commands (HO)
)
\Hy@SavedSpaceFactor=\count283
\pdfmajorversion=\count284
Package hyperref Info: Hyper figures OFF on input line 4547.
Package hyperref Info: Link nesting OFF on input line 4552.
Package hyperref Info: Hyper index ON on input line 4555.
Package hyperref Info: Plain pages OFF on input line 4562.
Package hyperref Info: Backreferencing OFF on input line 4567.
Package hyperref Info: Implicit mode ON; LaTeX internals redefined.
Package hyperref Info: Bookmarks ON on input line 4800.
\c@Hy@tempcnt=\count285

(/usr/share/texlive/texmf-dist/tex/latex/url/url.sty
\Urlmuskip=\muskip17
Package: url 2013/09/16  ver 3.4  Verb mode for urls, etc.
)
LaTeX Info: Redefining \url on input line 5159.
\XeTeXLinkMargin=\dimen173

(/usr/share/texlive/texmf-dist/tex/generic/bitset/bitset.sty
Package: bitset 2019/12/09 v1.3 Handle bit-vector datatype (HO)

(/usr/share/texlive/texmf-dist/tex/generic/bigintcalc/bigintcalc.sty
Package: bigintcalc 2019/12/15 v1.5 Expandable calculations on big integers (HO
)
))
\Fld@menulength=\count286
\Field@Width=\dimen174
\Fld@charsize=\dimen175
Package hyperref Info: Hyper figures OFF on input line 6430.
Package hyperref Info: Link nesting OFF on input line 6435.
Package hyperref Info: Hyper index ON on input line 6438.
Package hyperref Info: backreferencing OFF on input line 6445.
Package hyperref Info: Link coloring OFF on input line 6450.
Package hyperref Info: Link coloring with OCG OFF on input line 6455.
Package hyperref Info: PDF/A mode OFF on input line 6460.
LaTeX Info: Redefining \ref on input line 6500.
LaTeX Info: Redefining \pageref on input line 6504.
\Hy@abspage=\count287
\c@Item=\count288
\c@Hfootnote=\count289
)
Package hyperref Info: Driver (autodetected): hpdftex.

(/usr/share/texlive/texmf-dist/tex/latex/hyperref/hpdftex.def
File: hpdftex.def 2020/01/14 v7.00d Hyperref driver for pdfTeX

(/usr/share/texlive/texmf-dist/tex/latex/atveryend/atveryend.sty
Package: atveryend 2019-12-11 v1.11 Hooks at the very end of document (HO)
Package atveryend Info: \enddocument detected (standard20110627).
)
\Fld@listcount=\count290
\c@bookmark@seq@number=\count291

(/usr/share/texlive/texmf-dist/tex/latex/rerunfilecheck/rerunfilecheck.sty
Package: rerunfilecheck 2019/12/05 v1.9 Rerun checks for auxiliary files (HO)

(/usr/share/texlive/texmf-dist/tex/generic/uniquecounter/uniquecounter.sty
Package: uniquecounter 2019/12/15 v1.4 Provide unlimited unique counter (HO)
)
Package uniquecounter Info: New unique counter `rerunfilecheck' on input line 2
86.
)
\Hy@SectionHShift=\skip79
)
(/usr/share/texlive/texmf-dist/tex/latex/subfigure/subfigure.sty
Package: subfigure 2002/03/15 v2.1.5 subfigure package
\subfigtopskip=\skip80
\subfigcapskip=\skip81
\subfigcaptopadj=\dimen176
\subfigbottomskip=\skip82
\subfigcapmargin=\dimen177
\subfiglabelskip=\skip83
\c@subfigure=\count292
\c@lofdepth=\count293
\c@subtable=\count294
\c@lotdepth=\count295

****************************************
* Local config file subfigure.cfg used *
****************************************
(/usr/share/texlive/texmf-dist/tex/latex/subfigure/subfigure.cfg)
\subfig@top=\skip84
\subfig@bottom=\skip85
)
(/usr/share/texlive/texmf-dist/tex/latex/caption/caption.sty
Package: caption 2020/01/03 v3.4h Customizing captions (AR)

(/usr/share/texlive/texmf-dist/tex/latex/caption/caption3.sty
Package: caption3 2020/01/03 v1.8h caption3 kernel (AR)
Package caption3 Info: TeX engine: e-TeX on input line 61.
\captionmargin=\dimen178
\captionmargin@=\dimen179
\captionwidth=\dimen180
\caption@tempdima=\dimen181
\caption@indent=\dimen182
\caption@parindent=\dimen183
\caption@hangindent=\dimen184
Package caption Info: Unknown document class (or package),
(caption)             standard defaults will be used.
Package caption Info: \@makecaption = \long macro:#1#2->\let \@conttempa \relax
 \ifdim \prevdepth >-99\p@ \vskip \abovecaptionskip \else \def \@conttempa {\vb
ox to\topskip {}}\fi \let \@contfnote \footnote \renewcommand {\footnote }[2][]
{} \let \@contfmark \footnotemark \renewcommand {\footnotemark }[1][]{} \let \@
contlabel \label \renewcommand {\label }[1]{} \sbox \@tempboxa {\@contnfont #1\
@contdelim \@conttfont #2} \let \footnote \@contfnote \let \footnotemark \@cont
fmark \let \label \@contlabel \ifdim \wd \@tempboxa <\linewidth \centering \fi 
\if@contcw \centering \parbox {\@contcwidth }{\fi \if@conthang \sbox \@tempboxa
 {\@contnfont #1\@contdelim } \@contpre {\@contnfont #1\@contdelim }\@conttempa
 {\@contcstyle \hangindent =\wd \@tempboxa \hangafter =\@ne \@conttfont #2\par 
} \else \if@contindent \@contpre {\@contnfont #1\@contdelim }\@conttempa {\@con
tcstyle \hangindent =\@contindw \hangafter =\@ne \@conttfont #2\par } \else \@c
ontpre {\@contnfont #1\@contdelim }\@conttempa {\@contcstyle \@conttfont #2\par
 } \fi \fi \@contpost \if@contcw \par } \fi \vskip \belowcaptionskip  on input 
line 1082.
)

Package caption Warning: Unknown document class (or package),
(caption)                standard defaults will be used.
See the caption package documentation for explanation.

\c@caption@flags=\count296
\c@continuedfloat=\count297
Package caption Info: float package is loaded.
Package caption Info: hyperref package is loaded.
Package caption Info: longtable package is loaded.
(/usr/share/texlive/texmf-dist/tex/latex/caption/ltcaption.sty
Package: ltcaption 2018/08/26 v1.4a longtable captions (AR)
)
Package caption Info: subfigure package is loaded.
)
(/usr/share/texlive/texmf-dist/tex/latex/cite/cite.sty
LaTeX Info: Redefining \cite on input line 302.
LaTeX Info: Redefining \nocite on input line 332.
Package: cite 2015/02/27  v 5.5
)
(/usr/share/texlive/texmf-dist/tex/latex/natbib/natbib.sty
Package: natbib 2010/09/13 8.31b (PWD, AO)


Package natbib Warning: The `cite' package should not be used
(natbib)                with natbib. Use option `sort' instead.

\bibhang=\skip86
\bibsep=\skip87
LaTeX Info: Redefining \cite on input line 694.
LaTeX Info: Redefining \citenum on input line 708.
\c@NAT@ctr=\count298
) (/usr/share/texlive/texmf-dist/tex/latex/booktabs/booktabs.sty
Package: booktabs 2020/01/12 v1.61803398 Publication quality tables
\heavyrulewidth=\dimen185
\lightrulewidth=\dimen186
\cmidrulewidth=\dimen187
\belowrulesep=\dimen188
\belowbottomsep=\dimen189
\aboverulesep=\dimen190
\abovetopsep=\dimen191
\cmidrulesep=\dimen192
\cmidrulekern=\dimen193
\defaultaddspace=\dimen194
\@cmidla=\count299
\@cmidlb=\count300
\@aboverulesep=\dimen195
\@belowrulesep=\dimen196
\@thisruleclass=\count301
\@lastruleclass=\count302
\@thisrulewidth=\dimen197
)
(/usr/share/texlive/texmf-dist/tex/latex/comment/comment.sty
\CommentStream=\write3

Excluding comment 'comment')
(/usr/share/texlive/texmf-dist/tex/latex/tocbibind/tocbibind.sty
Package: tocbibind 2010/10/13 v1.5k extra ToC listings
Package tocbibind Info: The document has section divisions on input line 50.


Package tocbibind Note: Using section or other style headings.

) (/usr/share/texlive/texmf-dist/tex/latex/blindtext/blindtext.sty
Package: blindtext 2012/01/06 V2.0 blindtext-Package

(/usr/share/texlive/texmf-dist/tex/latex/tools/xspace.sty
Package: xspace 2014/10/28 v1.13 Space after command names (DPC,MH)
)
\c@blindtext=\count303
\c@Blindtext=\count304
\c@blind@countparstart=\count305
\blind@countxx=\count306
\blindtext@numBlindtext=\count307
\blind@countyy=\count308
\c@blindlist=\count309
\c@blindlistlevel=\count310
\c@blindlist@level=\count311
\blind@listitem=\count312
\c@blind@listcount=\count313
\c@blind@levelcount=\count314
\blind@mathformula=\count315
\blind@Mathformula=\count316
\c@blind@randomcount=\count317
\c@blind@randommax=\count318
\c@blind@pangramcount=\count319
\c@blind@pangrammax=\count320
)
(/usr/share/texlive/texmf-dist/tex/latex/listings/listings.sty
\lst@mode=\count321
\lst@gtempboxa=\box103
\lst@token=\toks31
\lst@length=\count322
\lst@currlwidth=\dimen198
\lst@column=\count323
\lst@pos=\count324
\lst@lostspace=\dimen199
\lst@width=\dimen256
\lst@newlines=\count325
\lst@lineno=\count326
\lst@maxwidth=\dimen257

(/usr/share/texlive/texmf-dist/tex/latex/listings/lstmisc.sty
File: lstmisc.sty 2019/09/10 1.8c (Carsten Heinz)
\c@lstnumber=\count327
\lst@skipnumbers=\count328
\lst@framebox=\box104
)
(/usr/share/texlive/texmf-dist/tex/latex/listings/listings.cfg
File: listings.cfg 2019/09/10 1.8c listings configuration
))
Package: listings 2019/09/10 1.8c (Carsten Heinz)

(/usr/share/texlive/texmf-dist/tex/latex/base/fontenc.sty
Package: fontenc 2020/02/11 v2.0o Standard LaTeX package
)
(/usr/share/texlive/texmf-dist/tex/latex/fundus-calligra/calligra.sty
Package: calligra 2012/04/10 v1.9 LaTeX package calligra
)
(/usr/share/texlive/texmf-dist/tex/generic/ulem/ulem.sty
\UL@box=\box105
\UL@hyphenbox=\box106
\UL@skip=\skip88
\UL@hook=\toks32
\UL@height=\dimen258
\UL@pe=\count329
\UL@pixel=\dimen259
\ULC@box=\box107
Package: ulem 2019/11/18
\ULdepth=\dimen260
)
(/usr/share/texlive/texmf-dist/tex/latex/l3backend/l3backend-pdfmode.def
File: l3backend-pdfmode.def 2020-02-03 L3 backend support: PDF mode
\l__kernel_color_stack_int=\count330
\l__pdf_internal_box=\box108
)
(./revisado1.aux)
\openout1 = `revisado1.aux'.

LaTeX Font Info:    Checking defaults for OML/cmm/m/it on input line 74.
LaTeX Font Info:    ... okay on input line 74.
LaTeX Font Info:    Checking defaults for OMS/cmsy/m/n on input line 74.
LaTeX Font Info:    ... okay on input line 74.
LaTeX Font Info:    Checking defaults for OT1/cmr/m/n on input line 74.
LaTeX Font Info:    ... okay on input line 74.
LaTeX Font Info:    Checking defaults for T1/cmr/m/n on input line 74.
LaTeX Font Info:    ... okay on input line 74.
LaTeX Font Info:    Checking defaults for TS1/cmr/m/n on input line 74.
LaTeX Font Info:    ... okay on input line 74.
LaTeX Font Info:    Checking defaults for OMX/cmex/m/n on input line 74.
LaTeX Font Info:    ... okay on input line 74.
LaTeX Font Info:    Checking defaults for U/cmr/m/n on input line 74.
LaTeX Font Info:    ... okay on input line 74.
LaTeX Font Info:    Checking defaults for PD1/pdf/m/n on input line 74.
LaTeX Font Info:    ... okay on input line 74.

*geometry* driver: auto-detecting
*geometry* detected driver: pdftex
*geometry* verbose mode - [ preamble ] result:
* driver: pdftex
* paper: a4paper
* layout: <same size as paper>
* layoutoffset:(h,v)=(0.0pt,0.0pt)
* modes: 
* h-part:(L,W,R)=(72.26999pt, 452.9679pt, 72.26999pt)
* v-part:(T,H,B)=(72.26999pt, 700.50687pt, 72.26999pt)
* \paperwidth=597.50787pt
* \paperheight=845.04684pt
* \textwidth=452.9679pt
* \textheight=700.50687pt
* \oddsidemargin=0.0pt
* \evensidemargin=0.0pt
* \topmargin=-37.0pt
* \headheight=12.0pt
* \headsep=25.0pt
* \topskip=12.0pt
* \footskip=30.0pt
* \marginparwidth=35.0pt
* \marginparsep=10.0pt
* \columnsep=10.0pt
* \skip\footins=10.8pt plus 4.0pt minus 2.0pt
* \hoffset=0.0pt
* \voffset=0.0pt
* \mag=1000
* \@twocolumnfalse
* \@twosidefalse
* \@mparswitchfalse
* \@reversemarginfalse
* (1in=72.27pt=25.4mm, 1cm=28.453pt)

(/usr/share/texlive/texmf-dist/tex/context/base/mkii/supp-pdf.mkii
[Loading MPS to PDF converter (version 2006.09.02).]
\scratchcounter=\count331
\scratchdimen=\dimen261
\scratchbox=\box109
\nofMPsegments=\count332
\nofMParguments=\count333
\everyMPshowfont=\toks33
\MPscratchCnt=\count334
\MPscratchDim=\dimen262
\MPnumerator=\count335
\makeMPintoPDFobject=\count336
\everyMPtoPDFconversion=\toks34
) (/usr/share/texlive/texmf-dist/tex/latex/epstopdf-pkg/epstopdf-base.sty
Package: epstopdf-base 2020-01-24 v2.11 Base part for package epstopdf

(/usr/share/texlive/texmf-dist/tex/latex/grfext/grfext.sty
Package: grfext 2019/12/03 v1.3 Manage graphics extensions (HO)
)
Package epstopdf-base Info: Redefining graphics rule for `.eps' on input line 4
85.
Package grfext Info: Graphics extension search list:
(grfext)             [.pdf,.png,.jpg,.mps,.jpeg,.jbig2,.jb2,.PDF,.PNG,.JPG,.JPE
G,.JBIG2,.JB2,.eps]
(grfext)             \AppendGraphicsExtensions on input line 504.

(/usr/share/texlive/texmf-dist/tex/latex/latexconfig/epstopdf-sys.cfg
File: epstopdf-sys.cfg 2010/07/13 v1.3 Configuration of (r)epstopdf for TeX Liv
e
))
\AtBeginShipoutBox=\box110

(/usr/share/texlive/texmf-dist/tex/latex/pdflscape/pdflscape.sty
Package: pdflscape 2019/12/05 v0.12 Display of landscape pages in PDF (HO)

(/usr/share/texlive/texmf-dist/tex/latex/graphics/lscape.sty
Package: lscape 2000/10/22 v3.01 Landscape Pages (DPC)
)
Package pdflscape Info: Auto-detected driver: pdftex on input line 81.
)
Package hyperref Info: Link coloring OFF on input line 74.

(/usr/share/texlive/texmf-dist/tex/latex/hyperref/nameref.sty
Package: nameref 2019/09/16 v2.46 Cross-referencing by name of section

(/usr/share/texlive/texmf-dist/tex/latex/refcount/refcount.sty
Package: refcount 2019/12/15 v3.6 Data extraction from label references (HO)
)
(/usr/share/texlive/texmf-dist/tex/generic/gettitlestring/gettitlestring.sty
Package: gettitlestring 2019/12/15 v1.6 Cleanup title references (HO)
)
\c@section@level=\count337
)
LaTeX Info: Redefining \ref on input line 74.
LaTeX Info: Redefining \pageref on input line 74.
LaTeX Info: Redefining \nameref on input line 74.

(./revisado1.out) (./revisado1.out)
\@outlinefile=\write4
\openout4 = `revisado1.out'.

Package caption Info: Begin \AtBeginDocument code.
Package caption Info: listings package is loaded.
Package caption Info: End \AtBeginDocument code.
\c@lstlisting=\count338


pdfTeX warning: /usr/bin/pdflatex (file ./Figuras/capa_tf.pdf): PDF inclusion: 
found PDF version <1.6>, but at most version <1.5> allowed
<Figuras/capa_tf.pdf, id=152, 2595.6975pt x 3626.54875pt>
File: Figuras/capa_tf.pdf Graphic file (type pdf)
<use Figuras/capa_tf.pdf>
Package pdftex.def Info: Figuras/capa_tf.pdf  used on input line 99.
(pdftex.def)             Requested size: 2595.6912pt x 3626.53995pt.


pdfTeX warning: /usr/bin/pdflatex (file ./Figuras/capa_tf.pdf): PDF inclusion: 
found PDF version <1.6>, but at most version <1.5> allowed
File: Figuras/capa_tf.pdf Graphic file (type pdf)
<use Figuras/capa_tf.pdf>
Package pdftex.def Info: Figuras/capa_tf.pdf  used on input line 99.
(pdftex.def)             Requested size: 2595.6912pt x 3626.53995pt.


pdfTeX warning: /usr/bin/pdflatex (file ./Figuras/capa_tf.pdf): PDF inclusion: 
found PDF version <1.6>, but at most version <1.5> allowed


pdfTeX warning: /usr/bin/pdflatex (file ./Figuras/capa_tf.pdf): PDF inclusion: 
found PDF version <1.6>, but at most version <1.5> allowed
<Figuras/capa_tf.pdf, id=155, page=1, 2595.6975pt x 3626.54875pt>
File: Figuras/capa_tf.pdf Graphic file (type pdf)
<use Figuras/capa_tf.pdf, page 1>
Package pdftex.def Info: Figuras/capa_tf.pdf , page1 used on input line 99.
(pdftex.def)             Requested size: 2595.6912pt x 3626.53995pt.
File: Figuras/capa_tf.pdf Graphic file (type pdf)
<use Figuras/capa_tf.pdf, page 1>
Package pdftex.def Info: Figuras/capa_tf.pdf , page1 used on input line 99.
(pdftex.def)             Requested size: 2595.6912pt x 3626.53995pt.
File: Figuras/capa_tf.pdf Graphic file (type pdf)
<use Figuras/capa_tf.pdf, page 1>
Package pdftex.def Info: Figuras/capa_tf.pdf , page1 used on input line 99.
(pdftex.def)             Requested size: 2595.6912pt x 3626.53995pt.
File: Figuras/capa_tf.pdf Graphic file (type pdf)
<use Figuras/capa_tf.pdf, page 1>
Package pdftex.def Info: Figuras/capa_tf.pdf , page1 used on input line 99.
(pdftex.def)             Requested size: 2595.6912pt x 3626.53995pt.
LaTeX Font Info:    Trying to load font information for T1+cmss on input line 9
9.
(/usr/share/texlive/texmf-dist/tex/latex/base/t1cmss.fd
File: t1cmss.fd 2019/12/16 v2.5j Standard LaTeX font definitions
)
File: Figuras/capa_tf.pdf Graphic file (type pdf)
<use Figuras/capa_tf.pdf, page 1>
Package pdftex.def Info: Figuras/capa_tf.pdf , page1 used on input line 99.
(pdftex.def)             Requested size: 2595.6912pt x 3626.53995pt.
 [1

{/var/lib/texmf/fonts/map/pdftex/updmap/pdftex.map} <./Figuras/capa_tf.pdf>]

LaTeX Font Warning: Font shape `T1/cmr/m/n' in size <18> not available
(Font)              size <17.28> substituted on input line 113.


LaTeX Font Warning: Font shape `T1/cmss/m/n' in size <18> not available
(Font)              size <17.28> substituted on input line 114.


LaTeX Font Warning: Font shape `T1/cmss/bx/n' in size <18> not available
(Font)              size <17.28> substituted on input line 114.

[2

]

Package blindtext Warning: brazil not defined, using English instead.
(blindtext)                 on input line 154.


Package blindtext Warning: brazil not defined, using English instead.
(blindtext)                 on input line 156.


Package blindtext Warning: brazil not defined, using English instead.
(blindtext)                 on input line 158.

[3

] [4


]

Package blindtext Warning: brazil not defined, using English instead.
(blindtext)                 on input line 185.


Package blindtext Warning: brazil not defined, using English instead.
(blindtext)                 on input line 187.


Package blindtext Warning: brazil not defined, using English instead.
(blindtext)                 on input line 189.


Package blindtext Warning: brazil not defined, using English instead.
(blindtext)                 on input line 189.


Underfull \hbox (badness 10000) in paragraph at lines 185--190

 []


Underfull \hbox (badness 10000) in paragraph at lines 191--192

 []

[5

]

Package blindtext Warning: brazil not defined, using English instead.
(blindtext)                 on input line 203.


Package blindtext Warning: brazil not defined, using English instead.
(blindtext)                 on input line 205.


Package blindtext Warning: brazil not defined, using English instead.
(blindtext)                 on input line 207.


Package blindtext Warning: brazil not defined, using English instead.
(blindtext)                 on input line 207.


Underfull \hbox (badness 10000) in paragraph at lines 203--215

 []


Underfull \hbox (badness 10000) in paragraph at lines 203--215

 []


Underfull \hbox (badness 10000) in paragraph at lines 203--215

 []


Underfull \hbox (badness 10000) in paragraph at lines 203--215

 []

[6

] (./revisado1.lof
LaTeX Font Info:    Trying to load font information for U+rsfs on input line 2.

 (/usr/share/texlive/texmf-dist/tex/latex/jknapltx/ursfs.fd
File: ursfs.fd 1998/03/24 rsfs font definition file (jk)
)
LaTeX Font Info:    Trying to load font information for U+msa on input line 2.
 (/usr/share/texlive/texmf-dist/tex/latex/amsfonts/umsa.fd
File: umsa.fd 2013/01/14 v3.01 AMS symbols A
)
LaTeX Font Info:    Trying to load font information for U+msb on input line 2.

(/usr/share/texlive/texmf-dist/tex/latex/amsfonts/umsb.fd
File: umsb.fd 2013/01/14 v3.01 AMS symbols B
)
LaTeX Font Info:    Trying to load font information for U+esvect on input line 
2.

(/usr/share/texlive/texmf-dist/tex/latex/esvect/uesvect.fd
File: uesvect.fd 
)
LaTeX Font Info:    Trying to load font information for T1+cmtt on input line 1
5.

(/usr/share/texlive/texmf-dist/tex/latex/base/t1cmtt.fd
File: t1cmtt.fd 2019/12/16 v2.5j Standard LaTeX font definitions
) [7

])
\tf@lof=\write5
\openout5 = `revisado1.lof'.

 [8]
(./revisado1.lot)
\tf@lot=\write6
\openout6 = `revisado1.lot'.

 [9] Excluding 'comment' comment. [10] (./revisado1.toc
[11

])
\tf@toc=\write7
\openout7 = `revisado1.toc'.

 [12]

Package blindtext Warning: brazil not defined, using English instead.
(blindtext)                 on input line 312.


Package blindtext Warning: brazil not defined, using English instead.
(blindtext)                 on input line 314.


Package blindtext Warning: brazil not defined, using English instead.
(blindtext)                 on input line 316.


Package blindtext Warning: brazil not defined, using English instead.
(blindtext)                 on input line 317.

[13

] [14

]
Underfull \hbox (badness 10000) in paragraph at lines 421--422

 []

[15]
Underfull \hbox (badness 10000) in paragraph at lines 440--441

 []


Underfull \hbox (badness 10000) in paragraph at lines 448--449

 []


Underfull \hbox (badness 10000) in paragraph at lines 458--460

 []

<Figuras/tomografia.png, id=419, 575.14874pt x 446.66875pt>
File: Figuras/tomografia.png Graphic file (type png)
<use Figuras/tomografia.png>
Package pdftex.def Info: Figuras/tomografia.png  used on input line 484.
(pdftex.def)             Requested size: 258.81454pt x 200.99907pt.
[16] [17 <./Figuras/tomografia.png>] [18] [19] [20]
<Figuras/problema_direto_x_inverso.png, id=514, 1068.99374pt x 314.17375pt>
File: Figuras/problema_direto_x_inverso.png Graphic file (type png)
<use Figuras/problema_direto_x_inverso.png>
Package pdftex.def Info: Figuras/problema_direto_x_inverso.png  used on input l
ine 603.
(pdftex.def)             Requested size: 459.65836pt x 135.09207pt.

Overfull \hbox (6.69046pt too wide) in paragraph at lines 603--604
 [] 
 []

<Figuras/material.png, id=519, 693.59125pt x 666.49pt>
File: Figuras/material.png Graphic file (type png)
<use Figuras/material.png>
Package pdftex.def Info: Figuras/material.png  used on input line 611.
(pdftex.def)             Requested size: 221.95374pt x 213.28116pt.
[21 <./Figuras/problema_direto_x_inverso.png> <./Figuras/material.png>]
<Figuras/modelos.png, id=538, 851.18pt x 259.97125pt>
File: Figuras/modelos.png Graphic file (type png)
<use Figuras/modelos.png>
Package pdftex.def Info: Figuras/modelos.png  used on input line 630.
(pdftex.def)             Requested size: 425.58894pt x 129.9853pt.
<Figuras/tempo_percurso.png, id=545, 451.6875pt x 380.42125pt>
File: Figuras/tempo_percurso.png Graphic file (type png)
<use Figuras/tempo_percurso.png>
Package pdftex.def Info: Figuras/tempo_percurso.png  used on input line 650.
(pdftex.def)             Requested size: 271.01459pt x 228.2545pt.

[22 <./Figuras/modelos.png>]
Underfull \hbox (badness 10000) in paragraph at lines 664--666

 []

<Figuras/diagrama.png, id=559, 511.9125pt x 279.0425pt>
File: Figuras/diagrama.png Graphic file (type png)
<use Figuras/diagrama.png>
Package pdftex.def Info: Figuras/diagrama.png  used on input line 674.
(pdftex.def)             Requested size: 307.14987pt x 167.42679pt.
[23 <./Figuras/tempo_percurso.png>] [24 <./Figuras/diagrama.png>]
<Figuras/raios.png, id=605, 896.34875pt x 457.71pt>
File: Figuras/raios.png Graphic file (type png)
<use Figuras/raios.png>
Package pdftex.def Info: Figuras/raios.png  used on input line 706.
(pdftex.def)             Requested size: 448.17328pt x 228.85445pt.
<Figuras/matriz_convergencia.png, id=610, 917.4275pt x 684.5575pt>
File: Figuras/matriz_convergencia.png Graphic file (type png)
<use Figuras/matriz_convergencia.png>
Package pdftex.def Info: Figuras/matriz_convergencia.png  used on input line 71
4.
(pdftex.def)             Requested size: 458.71263pt x 342.27791pt.

Overfull \hbox (5.74474pt too wide) in paragraph at lines 714--715
 [] 
 []

<Figuras/raios_convergencia.png, id=615, 1125.20375pt x 584.1825pt>
File: Figuras/raios_convergencia.png Graphic file (type png)
<use Figuras/raios_convergencia.png>
Package pdftex.def Info: Figuras/raios_convergencia.png  used on input line 722
.
(pdftex.def)             Requested size: 472.58237pt x 245.35497pt.

Overfull \hbox (19.61447pt too wide) in paragraph at lines 722--723
 [] 
 []

<Figuras/ipixel.png, id=620, 1164.35pt x 572.1375pt>
File: Figuras/ipixel.png Graphic file (type png)
<use Figuras/ipixel.png>
Package pdftex.def Info: Figuras/ipixel.png  used on input line 730.
(pdftex.def)             Requested size: 512.31558pt x 251.74127pt.

Overfull \hbox (59.34769pt too wide) in paragraph at lines 730--731
 [] 
 []

[25 <./Figuras/raios.png>] [26 <./Figuras/matriz_convergencia.png>] [27 <./Figu
ras/raios_convergencia.png> <./Figuras/ipixel.png>] [28]
Overfull \hbox (6.66992pt too wide) detected at line 791
[]\OMS/cmsy/m/n/12 jj\OML/cmm/m/it/12 A[]t[] \OMS/cmsy/m/n/12 ^^@ \OML/cmm/m/it
/12 M[]t\OMS/cmsy/m/n/12 jj ^^T jj\OML/cmm/m/it/12 A[]t[] \OMS/cmsy/m/n/12 ^^@ 
\OML/cmm/m/it/12 A[]t\OMS/cmsy/m/n/12 jj \OT1/cmr/m/n/12 + \OMS/cmsy/m/n/12 jj\
OML/cmm/m/it/12 A[]t \OMS/cmsy/m/n/12 ^^@ \OML/cmm/m/it/12 M[]t\OMS/cmsy/m/n/12
 jj ^^T jj\OML/cmm/m/it/12 A[]\OMS/cmsy/m/n/12 jjj\OML/cmm/m/it/12 t[] \OMS/cms
y/m/n/12 ^^@ \OML/cmm/m/it/12 t\OMS/cmsy/m/n/12 jjj \OT1/cmr/m/n/12 + \OMS/cmsy
/m/n/12 jj\OML/cmm/m/it/12 A[]t \OMS/cmsy/m/n/12 ^^@ \OML/cmm/m/it/12 M[]t\OMS/
cmsy/m/n/12 jj [][]! \OT1/cmr/m/n/12 0
 []


Underfull \hbox (badness 10000) in paragraph at lines 791--792

 []

[29]
<Figuras/area-estudo.png, id=678, 3316.13907pt x 4841.33719pt>
File: Figuras/area-estudo.png Graphic file (type png)
<use Figuras/area-estudo.png>
Package pdftex.def Info: Figuras/area-estudo.png  used on input line 823.
(pdftex.def)             Requested size: 288.52202pt x 421.22249pt.
 [30

 <./Figuras/area-estudo.png>]
<Figuras/geologia.jpeg, id=690, 1284.8pt x 1069.9975pt>
File: Figuras/geologia.jpeg Graphic file (type jpg)
<use Figuras/geologia.jpeg>
Package pdftex.def Info: Figuras/geologia.jpeg  used on input line 841.
(pdftex.def)             Requested size: 475.36856pt x 395.89288pt.

Overfull \hbox (22.40067pt too wide) in paragraph at lines 841--842
 [] 
 []

[31

 <./Figuras/geologia.jpeg>]
<Figuras/solo.png, id=713, 842.14626pt x 942.52126pt>
File: Figuras/solo.png Graphic file (type png)
<use Figuras/solo.png>
Package pdftex.def Info: Figuras/solo.png  used on input line 865.
(pdftex.def)             Requested size: 463.18188pt x 518.3883pt.

Overfull \hbox (10.21399pt too wide) in paragraph at lines 865--866
 [] 
 []

[32] [33 <./Figuras/solo.png>] Excluding 'comment' comment. [34]
Underfull \hbox (badness 10000) in paragraph at lines 923--925

 []

<Figuras/arquitetura.png, id=747, 472.76625pt x 559.08875pt>
File: Figuras/arquitetura.png Graphic file (type png)
<use Figuras/arquitetura.png>
Package pdftex.def Info: Figuras/arquitetura.png  used on input line 934.
(pdftex.def)             Requested size: 212.74284pt x 251.5876pt.
[35] [36 <./Figuras/arquitetura.png>]
<Figuras/inversao.png, id=778, 645.41125pt x 607.26875pt>
File: Figuras/inversao.png Graphic file (type png)
<use Figuras/inversao.png>
Package pdftex.def Info: Figuras/inversao.png  used on input line 965.
(pdftex.def)             Requested size: 387.24974pt x 364.36406pt.
 [37 <./Figuras/inversao.png>] [38]
[39] [40] [41] [42]
<Figuras/Portela_TCC.png, id=887, 2893.30937pt x 2958.05125pt>
File: Figuras/Portela_TCC.png Graphic file (type png)
<use Figuras/Portela_TCC.png>
Package pdftex.def Info: Figuras/Portela_TCC.png  used on input line 1247.
(pdftex.def)             Requested size: 546.82071pt x 559.0566pt.

Overfull \hbox (93.85281pt too wide) in paragraph at lines 1247--1248
 [] 
 []

[43] [44 <./Figuras/Portela_TCC.png>]
<Figuras/geometria.png, id=900, 736.4313pt x 470.4777pt>
File: Figuras/geometria.png Graphic file (type png)
<use Figuras/geometria.png>
Package pdftex.def Info: Figuras/geometria.png  used on input line 1264.
(pdftex.def)             Requested size: 478.67468pt x 305.80687pt.

Overfull \hbox (25.70679pt too wide) in paragraph at lines 1264--1265
 [] 
 []

[45] [46 <./Figuras/geometria.png>]

Package blindtext Warning: brazil not defined, using English instead.
(blindtext)                 on input line 1274.

<Figuras/exemplo.png, id=911, 1391.1975pt x 1135.24126pt>
File: Figuras/exemplo.png Graphic file (type png)
<use Figuras/exemplo.png>
Package pdftex.def Info: Figuras/exemplo.png  used on input line 1333.
(pdftex.def)             Requested size: 567.61382pt x 463.1827pt.

Overfull \hbox (114.64592pt too wide) in paragraph at lines 1333--1334
 [] 
 []

[47] [48 <./Figuras/exemplo.png>]

Package blindtext Warning: brazil not defined, using English instead.
(blindtext)                 on input line 1347.


Package blindtext Warning: brazil not defined, using English instead.
(blindtext)                 on input line 1349.


Package blindtext Warning: brazil not defined, using English instead.
(blindtext)                 on input line 1350.

Excluding 'comment' comment. Excluding 'comment' comment. [49]

Package blindtext Warning: brazil not defined, using English instead.
(blindtext)                 on input line 1395.


Package blindtext Warning: brazil not defined, using English instead.
(blindtext)                 on input line 1397.


Package blindtext Warning: brazil not defined, using English instead.
(blindtext)                 on input line 1398.

Excluding 'comment' comment. [50

]

Package blindtext Warning: brazil not defined, using English instead.
(blindtext)                 on input line 1429.


Package blindtext Warning: brazil not defined, using English instead.
(blindtext)                 on input line 1431.


Package blindtext Warning: brazil not defined, using English instead.
(blindtext)                 on input line 1432.

[51

]

Package blindtext Warning: brazil not defined, using English instead.
(blindtext)                 on input line 1441.


Package blindtext Warning: brazil not defined, using English instead.
(blindtext)                 on input line 1443.


Package blindtext Warning: brazil not defined, using English instead.
(blindtext)                 on input line 1444.

[52

] (./revisado1.bbl [53

] [54]) [55]
Overfull \hbox (8.81082pt too wide) in paragraph at lines 1459--1459
[]\T1/cmr/bx/n/17.28 pyGIMLi: Bi-bli-o-teca \T1/cmr/bx/it/17.28 Tra-vel-Ti-me-M
a-na-ger \T1/cmr/bx/n/17.28 uti-li-zada
 []

(/usr/share/texlive/texmf-dist/tex/latex/listings/lstlang1.sty
File: lstlang1.sty 2019/09/10 1.8c listings language file
)
Package hyperref Info: bookmark level for unknown lstlisting defaults to 0 on i
nput line 1462.
 [56

] [57]
[58] [59] [60] [61] [62] [63] [64] [65]
Package atveryend Info: Empty hook `BeforeClearDocument' on input line 1886.
 [66]
Package atveryend Info: Empty hook `AfterLastShipout' on input line 1886.
 (./revisado1.aux)
Package atveryend Info: Executing hook `AtVeryEndDocument' on input line 1886.
Package atveryend Info: Executing hook `AtEndAfterFileList' on input line 1886.

Package rerunfilecheck Info: File `revisado1.out' has not changed.
(rerunfilecheck)             Checksum: 86A5D70F74E5D73BFB3638E7C68D948D;3000.


LaTeX Font Warning: Size substitutions with differences
(Font)              up to 0.72pt have occurred.

Package atveryend Info: Empty hook `AtVeryVeryEnd' on input line 1886.
 ) 
Here is how much of TeX's memory you used:
 14717 strings out of 481239
 216809 string characters out of 5920377
 796025 words of memory out of 5000000
 28992 multiletter control sequences out of 15000+600000
 554160 words of font info for 73 fonts, out of 8000000 for 9000
 1141 hyphenation exceptions out of 8191
 41i,19n,46p,1485b,2090s stack positions out of 5000i,500n,10000p,200000b,80000s
{/usr/share/texmf/fonts/enc/dvips/cm-super/cm-super-t1.enc}{/usr/share/texmf/
fonts/enc/dvips/cm-super/cm-super-ts1.enc}</usr/share/texlive/texmf-dist/fonts/
type1/public/amsfonts/cm/cmex10.pfb></usr/share/texlive/texmf-dist/fonts/type1/
public/amsfonts/cm/cmmi12.pfb></usr/share/texlive/texmf-dist/fonts/type1/public
/amsfonts/cm/cmmi8.pfb></usr/share/texlive/texmf-dist/fonts/type1/public/amsfon
ts/cm/cmr12.pfb></usr/share/texlive/texmf-dist/fonts/type1/public/amsfonts/cm/c
mr8.pfb></usr/share/texlive/texmf-dist/fonts/type1/public/amsfonts/cm/cmsy10.pf
b></usr/share/texlive/texmf-dist/fonts/type1/public/amsfonts/cm/cmsy8.pfb></usr
/share/texlive/texmf-dist/fonts/type1/public/amsfonts/symbols/msbm10.pfb></usr/
share/texlive/texmf-dist/fonts/type1/public/rsfs/rsfs10.pfb></usr/share/texmf/f
onts/type1/public/cm-super/sfbi1200.pfb></usr/share/texmf/fonts/type1/public/cm
-super/sfbi1728.pfb></usr/share/texmf/fonts/type1/public/cm-super/sfbx1200.pfb>
</usr/share/texmf/fonts/type1/public/cm-super/sfbx1440.pfb></usr/share/texmf/fo
nts/type1/public/cm-super/sfbx1728.pfb></usr/share/texmf/fonts/type1/public/cm-
super/sfit1200.pfb></usr/share/texmf/fonts/type1/public/cm-super/sfrm1200.pfb><
/usr/share/texmf/fonts/type1/public/cm-super/sfss1200.pfb></usr/share/texmf/fon
ts/type1/public/cm-super/sfsx1200.pfb></usr/share/texmf/fonts/type1/public/cm-s
uper/sfsx1440.pfb></usr/share/texmf/fonts/type1/public/cm-super/sfti1200.pfb></
usr/share/texmf/fonts/type1/public/cm-super/sftt1200.pfb></usr/share/texlive/te
xmf-dist/fonts/type1/public/esvect/vect10.pfb>
Output written on revisado1.pdf (66 pages, 59011283 bytes).
PDF statistics:
 1631 PDF objects out of 1728 (max. 8388607)
 1459 compressed objects within 15 object streams
 634 named destinations out of 1000 (max. 500000)
 407 words of extra memory for PDF output out of 10000 (max. 10000000)

